O O O O O B-hotel O B-toloc.city_name
O O O O O B-hotel O B-toloc.city_name
O O O O O B-hotel O B-toloc.state_name
O O O O O B-hotel O B-toloc.city_name
O O O O O B-hotel O B-toloc.city_name
O O O O O B-toloc.city_name O B-arrive_date.month_name B-arrive_date.day_number
O O O O O O B-toloc.city_name O B-arrive_date.month_name B-arrive_date.day_number
O O O O O B-toloc.city_name O B-arrive_date.month_name B-arrive_date.day_number
O O O O O B-toloc.state_name O B-arrive_date.month_name B-arrive_date.day_number
O O O O O O B-toloc.city_name O B-arrive_date.month_name B-arrive_date.day_number
O O O B-hotel B-money.cost_relative B-money.price I-money.price
O O O B-hotel B-money.cost_relative B-money.price I-money.price
O O O B-hotel B-money.cost_relative B-money.price I-money.price
O O O B-hotel B-money.cost_relative B-money.price I-money.price
O O O B-hotel B-money.cost_relative B-money.price I-money.price
O O O B-toloc.city_name O B-arrive_date.month_name O B-money.cost_relative O B-money.price I-money.price
O O O O O B-toloc.city_name O B-arrive_date.month_name B-money.cost_relative O B-money.price I-money.price
O O O B-toloc.city_name O B-arrive_date.month_name O B-money.cost_relative O B-money.price I-money.price
O O O B-toloc.city_name O B-arrive_date.month_name O B-money.cost_relative O B-money.price I-money.price
O O O B-toloc.city_name O B-arrive_date.month_name O B-money.cost_relative O B-money.price I-money.price
O O O O B-hotel O B-toloc.city_name I-toloc.city_name
O O O O B-hotel O B-toloc.city_name
O O O O B-hotel O B-toloc.city_name
O O O O B-hotel O B-toloc.city_name
O O O B-hotel O B-toloc.city_name
O O O O O B-hotel O B-toloc.city_name I-toloc.city_name
O O O O O B-hotel O B-toloc.city_name
O O O O O B-hotel O B-toloc.city_name
O O O O O B-hotel O B-toloc.city_name
O O O O O B-hotel O B-toloc.city_name
O O B-money.price I-money.price O O O O O O O B-toloc.state_name
O O B-money.price I-money.price O O O O O O O B-toloc.state_name
O O B-money.price I-money.price O O O O O O O B-toloc.state_name
O O B-money.price I-money.price O O O O O O O B-toloc.state_name
O O B-money.price I-money.price O O O O O O O B-toloc.state_name
O O O O O B-money.cost_relative B-money.price I-money.price O B-toloc.state_name
O O O O O B-money.cost_relative B-money.price I-money.price O B-toloc.state_name
O O O O O B-money.cost_relative B-money.price I-money.price O B-toloc.state_name
O O O O O B-money.cost_relative B-money.price I-money.price O B-toloc.state_name
O O O O O B-money.cost_relative B-money.price I-money.price O B-toloc.state_name
O O O O O O B-toloc.state_name O B-arrive_date.season
O O O O O O B-toloc.state_name O B-arrive_date.season
O O O O O O B-toloc.state_name O B-arrive_date.season
O O O O O O B-toloc.state_name O B-arrive_date.season
O O O O O O B-toloc.state_name O B-arrive_date.season
O O O O O B-toloc.state_name B-or B-toloc.state_name
O O O O O B-toloc.state_name B-or B-toloc.state_name
O O O O O B-toloc.state_name B-or B-toloc.state_name
O O O O O B-toloc.state_name B-or B-toloc.state_name
O O O O O B-toloc.state_name B-or B-toloc.state_name
O O O O O B-toloc.state_name O B-arrive_date.season
O O O O O B-toloc.state_name O B-arrive_date.season
O O O O O B-toloc.state_name O B-arrive_date.season
O O O O O B-toloc.state_name O B-arrive_date.season
O O O O O B-toloc.state_name O B-arrive_date.season
O O O B-hotel O B-toloc.city_name O B-arrive_date.month_name
O O O B-hotel O B-toloc.city_name O B-arrive_date.month_name
O O O B-hotel O B-toloc.city_name O B-arrive_date.month_name
O O O B-hotel O B-toloc.city_name O B-arrive_date.month_name
O O O B-hotel O B-toloc.city_name O B-arrive_date.month_name
O O O B-hotel O B-toloc.city_name I-toloc.city_name O O B-arrive_date.day_number B-arrive_date.date_relative O B-arrive_date.month_name
O O O B-hotel O B-toloc.city_name O O B-arrive_date.day_number B-arrive_date.date_relative O B-arrive_date.month_name
O O O B-hotel O B-toloc.city_name O O B-arrive_date.day_number B-arrive_date.date_relative O B-arrive_date.month_name
O O O B-hotel O B-toloc.city_name O O B-arrive_date.day_number B-arrive_date.date_relative O B-arrive_date.month_name
O O O B-hotel O B-toloc.city_name O O B-arrive_date.day_number B-arrive_date.date_relative O B-arrive_date.month_name
O O O O O O B-hotel O B-toloc.city_name O B-arrive_date.day_number B-arrive_date.month_name B-money.cost_relative B-money.price I-money.price
O O O O O O B-hotel O B-toloc.city_name O B-arrive_date.day_number B-arrive_date.month_name B-money.cost_relative B-money.price I-money.price
O O O O O O B-hotel O B-toloc.city_name O B-arrive_date.day_number B-arrive_date.month_name B-money.cost_relative B-money.price I-money.price
O O O O O O B-hotel O B-toloc.city_name O B-arrive_date.day_number B-arrive_date.month_name B-money.cost_relative B-money.price I-money.price
O O O O O O B-hotel O B-toloc.city_name O B-arrive_date.day_number B-arrive_date.month_name B-money.cost_relative B-money.price I-money.price
O O B-money.price I-money.price
O O B-money.price I-money.price
O O B-money.price I-money.price
O O B-money.price I-money.price
O O B-money.price I-money.price
O O O O O O B-toloc.city_name O B-money.price I-money.price
O O O O O O B-toloc.city_name O B-money.price I-money.price
O O O O O O B-toloc.city_name O B-money.price I-money.price
O O O O O O B-toloc.city_name O B-money.price I-money.price
O O O O O O B-toloc.city_name O B-money.price I-money.price
O O O O O B-toloc.city_name O B-arrive_date.season
O O O O O B-toloc.city_name O B-arrive_date.season
O O O O O B-toloc.city_name O B-arrive_date.season
O O O O O B-toloc.city_name O B-arrive_date.season
O O O O O B-toloc.city_name O B-arrive_date.season
O O O O B-toloc.state_name
O O O O B-toloc.state_name
O O O O B-toloc.state_name
O O O O B-toloc.state_name
O O O O B-toloc.state_name
O B-hotel O O O O B-toloc.city_name O O B-arrive_date.day_number B-arrive_date.date_relative O B-arrive_date.month_name
O B-hotel O O O O B-toloc.city_name O O B-arrive_date.day_number B-arrive_date.date_relative O B-arrive_date.month_name
O B-hotel O O O O B-toloc.city_name O O B-arrive_date.day_number B-arrive_date.date_relative O B-arrive_date.month_name
O B-hotel O O O O B-toloc.city_name O O B-arrive_date.day_number B-arrive_date.date_relative O B-arrive_date.month_name
O B-hotel O O O O B-toloc.city_name O O B-arrive_date.day_number B-arrive_date.date_relative O B-arrive_date.month_name
O O O B-hotel O B-toloc.city_name O O B-arrive_date.season
O O O B-hotel O B-toloc.city_name O O B-arrive_date.season
O O O B-hotel O B-toloc.city_name O O B-arrive_date.season
O O O B-hotel O B-toloc.city_name O O B-arrive_date.season
O O O B-hotel O B-toloc.city_name O O B-arrive_date.season
O
O O
O O O O
O O O
O O
O O O O
O O O O
O O O O O O
O O O
O
O
O O
O O
O O
O
O O
O O
O 
O 
O
O O
O O
O
O
O O
O 
O
O
O
O O
O
